[debug] [2024-06-15T15:46:22.498Z] ----------------------------------------------------------------------
[debug] [2024-06-15T15:46:22.501Z] Command:       C:\Users\admin\DOWNLO~1\firebase-tools-instant-win.exe C:\Users\admin\.cache\firebase\tools\lib\node_modules\firebase-tools\lib\bin\firebase init
[debug] [2024-06-15T15:46:22.503Z] CLI Version:   13.11.2
[debug] [2024-06-15T15:46:22.505Z] Platform:      win32
[debug] [2024-06-15T15:46:22.506Z] Node Version:  v18.5.0
[debug] [2024-06-15T15:46:22.508Z] Time:          Sat Jun 15 2024 21:16:22 GMT+0530 (India Standard Time)
[debug] [2024-06-15T15:46:22.508Z] ----------------------------------------------------------------------
[debug] 
[debug] [2024-06-15T15:46:22.526Z] > command requires scopes: ["email","openid","https://www.googleapis.com/auth/cloudplatformprojects.readonly","https://www.googleapis.com/auth/firebase","https://www.googleapis.com/auth/cloud-platform"]
[debug] [2024-06-15T15:46:22.528Z] > authorizing via signed-in user (hrishikeshannamboodiri99@gmail.com)
[info] 
     ######## #### ########  ######## ########     ###     ######  ########
     ##        ##  ##     ## ##       ##     ##  ##   ##  ##       ##
     ######    ##  ########  ######   ########  #########  ######  ######
     ##        ##  ##    ##  ##       ##     ## ##     ##       ## ##
     ##       #### ##     ## ######## ########  ##     ##  ######  ########

You're about to initialize a Firebase project in this directory:

  C:\Users\admin\Downloads\NewsSentimentAnalysis-master

[info] 
=== Project Setup
[info] 
[info] First, let's associate this project directory with a Firebase project.
[info] You can create multiple project aliases by running firebase use --add, 
[info] but for now we'll just set up a default project.
[info] 
[debug] [2024-06-15T15:46:48.239Z] >>> [apiv2][query] GET https://firebase.googleapis.com/v1beta1/projects pageSize=100
[debug] [2024-06-15T15:46:50.670Z] <<< [apiv2][status] GET https://firebase.googleapis.com/v1beta1/projects 200
[debug] [2024-06-15T15:46:50.671Z] <<< [apiv2][body] GET https://firebase.googleapis.com/v1beta1/projects [omitted]
[info] i  Using project news-sentiment-analysis-c37e2 (News Sentiment Analysis) 
[info] 
=== Hosting Setup
[debug] [2024-06-15T15:46:53.324Z] >>> [apiv2][query] GET https://firebase.googleapis.com/v1beta1/projects/news-sentiment-analysis-c37e2 [none]
[debug] [2024-06-15T15:46:53.996Z] <<< [apiv2][status] GET https://firebase.googleapis.com/v1beta1/projects/news-sentiment-analysis-c37e2 200
[debug] [2024-06-15T15:46:53.996Z] <<< [apiv2][body] GET https://firebase.googleapis.com/v1beta1/projects/news-sentiment-analysis-c37e2 {"projectId":"news-sentiment-analysis-c37e2","projectNumber":"445541275384","displayName":"News Sentiment Analysis","name":"projects/news-sentiment-analysis-c37e2","resources":{"hostingSite":"news-sentiment-analysis-c37e2"},"state":"ACTIVE","etag":"1_ebbb4aac-7d47-4ff3-90e7-f4842d4cf494"}
[info] 
[info] Your public directory is the folder (relative to your project directory) that
[info] will contain Hosting assets to be uploaded with firebase deploy. If you
[info] have a build process for your assets, use your build's output directory.
[info] 
[info] +  Wrote public/404.html 
[debug] [2024-06-15T15:48:42.216Z] >>> [apiv2][query] GET https://www.gstatic.com/firebasejs/releases.json [none]
[debug] [2024-06-15T15:48:42.341Z] <<< [apiv2][status] GET https://www.gstatic.com/firebasejs/releases.json 200
[debug] [2024-06-15T15:48:42.342Z] <<< [apiv2][body] GET https://www.gstatic.com/firebasejs/releases.json {"current":{"version":"10.12.2","browserURL":"https://www.gstatic.com/firebasejs/10.12.2/firebase.js","packageURL":"https://www.gstatic.com/firebasejs/10.12.2/firebase.tgz"},"live":{"version":"10.12","browserURL":"https://www.gstatic.com/firebasejs/live/10.12/firebase.js","packageURL":"https://www.gstatic.com/firebasejs/live/10.12/firebase.tgz"},"components":{"analytics":"https://www.gstatic.com/firebasejs/10.12.2/firebase-analytics.js","app":"https://www.gstatic.com/firebasejs/10.12.2/firebase-app.js","app-check":"https://www.gstatic.com/firebasejs/10.12.2/firebase-app-check.js","auth":"https://www.gstatic.com/firebasejs/10.12.2/firebase-auth.js","auth/cordova":"https://www.gstatic.com/firebasejs/10.12.2/firebase-auth/cordova.js","auth/web-extension":"https://www.gstatic.com/firebasejs/10.12.2/firebase-auth/web-extension.js","functions":"https://www.gstatic.com/firebasejs/10.12.2/firebase-functions.js","firestore":"https://www.gstatic.com/firebasejs/10.12.2/firebase-firestore.js","firestore/lite":"https://www.gstatic.com/firebasejs/10.12.2/firebase-firestore/lite.js","installations":"https://www.gstatic.com/firebasejs/10.12.2/firebase-installations.js","storage":"https://www.gstatic.com/firebasejs/10.12.2/firebase-storage.js","performance":"https://www.gstatic.com/firebasejs/10.12.2/firebase-performance.js","remote-config":"https://www.gstatic.com/firebasejs/10.12.2/firebase-remote-config.js","messaging":"https://www.gstatic.com/firebasejs/10.12.2/firebase-messaging.js","messaging/sw":"https://www.gstatic.com/firebasejs/10.12.2/firebase-messaging/sw.js","database":"https://www.gstatic.com/firebasejs/10.12.2/firebase-database.js","vertexai-preview":"https://www.gstatic.com/firebasejs/10.12.2/firebase-vertexai-preview.js","firestore.memory":"https://www.gstatic.com/firebasejs/10.12.2/firebase-firestore.memory.js"}}
[info] +  Wrote public/index.html 
[info] 
[info] i  Didn't detect a .git folder. Assuming C:\Users\admin\Downloads\NewsSentimentAnalysis-master is the project root. 
[info] i  Authorizing with GitHub to upload your service account to a GitHub repository's secrets store. 
[info] 
[info] Visit this URL on this device to log in:
[info] https://github.com/login/oauth/authorize?client_id=89cf50f02ac6aaed3484&state=467338114&redirect_uri=http%3A%2F%2Flocalhost%3A9005&scope=read%3Auser%20repo%20public_repo
[info] 
[info] Waiting for authentication...
[debug] [2024-06-15T15:48:50.215Z] >>> [apiv2][query] POST https://github.com/login/oauth/access_token [none]
[debug] [2024-06-15T15:48:50.216Z] >>> [apiv2][body] POST https://github.com/login/oauth/access_token [stream]
[debug] [2024-06-15T15:48:50.548Z] <<< [apiv2][status] POST https://github.com/login/oauth/access_token 200
[debug] [2024-06-15T15:48:50.549Z] <<< [apiv2][body] POST https://github.com/login/oauth/access_token {"access_token":"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","token_type":"bearer","scope":"read:user,repo"}
[debug] [2024-06-15T15:48:50.607Z] >>> [apiv2][query] GET https://api.github.com/user [none]
[debug] [2024-06-15T15:48:51.074Z] <<< [apiv2][status] GET https://api.github.com/user 200
[debug] [2024-06-15T15:48:51.074Z] <<< [apiv2][body] GET https://api.github.com/user {"login":"Coderpo5","id":118446149,"node_id":"U_kgDOBw9YRQ","avatar_url":"https://avatars.githubusercontent.com/u/118446149?v=4","gravatar_id":"","url":"https://api.github.com/users/Coderpo5","html_url":"https://github.com/Coderpo5","followers_url":"https://api.github.com/users/Coderpo5/followers","following_url":"https://api.github.com/users/Coderpo5/following{/other_user}","gists_url":"https://api.github.com/users/Coderpo5/gists{/gist_id}","starred_url":"https://api.github.com/users/Coderpo5/starred{/owner}{/repo}","subscriptions_url":"https://api.github.com/users/Coderpo5/subscriptions","organizations_url":"https://api.github.com/users/Coderpo5/orgs","repos_url":"https://api.github.com/users/Coderpo5/repos","events_url":"https://api.github.com/users/Coderpo5/events{/privacy}","received_events_url":"https://api.github.com/users/Coderpo5/received_events","type":"User","site_admin":false,"name":"Hrishikeshan A Namboodiri","company":null,"blog":"","location":"Guwahati, India","email":null,"hireable":null,"bio":null,"twitter_username":null,"public_repos":5,"public_gists":0,"followers":0,"following":0,"created_at":"2022-11-17T12:07:32Z","updated_at":"2024-06-15T15:33:08Z","private_gists":0,"total_private_repos":0,"owned_private_repos":0,"disk_usage":64397,"collaborators":0,"two_factor_authentication":false,"plan":{"name":"free","space":976562499,"collaborators":0,"private_repos":10000}}
[info] 
[info] +  Success! Logged into GitHub as Coderpo5 
[info] 
[debug] [2024-06-15T15:49:39.682Z] >>> [apiv2][query] GET https://api.github.com/repos/amaanz/NewsSentimentAnalysis/actions/secrets/public-key type=owner
[debug] [2024-06-15T15:49:40.000Z] <<< [apiv2][status] GET https://api.github.com/repos/amaanz/NewsSentimentAnalysis/actions/secrets/public-key 403
[debug] [2024-06-15T15:49:40.001Z] <<< [apiv2][body] GET https://api.github.com/repos/amaanz/NewsSentimentAnalysis/actions/secrets/public-key {"message":"Must have admin rights to Repository.","documentation_url":"https://docs.github.com/rest/actions/secrets#get-a-repository-public-key","status":"403"}
[info] 
[info] 
[error] !  The provided authorization cannot be used with this repository. If this repository is in an organization, did you remember to grant access? 
[info] 
[info] i  Action required: Visit this URL to ensure access has been granted to the appropriate organization(s) for the Firebase CLI GitHub OAuth App: 
[info] https://github.com/settings/connections/applications/89cf50f02ac6aaed3484
[info] 
